<?xml version="1.0" encoding="UTF-8"?>
<!-- Generated by org.testng.reporters.JUnitXMLReporter -->
<testsuite ignored="3" hostname="GOPINATH-LAP" failures="0" tests="1" name="Chrome Browser" time="3.61" errors="0" timestamp="2023-05-06T00:52:19 IST">
  <testcase classname="execution.Admin" name="@BeforeClass beforeclass" time="0.116">
    <failure type="java.lang.ArrayIndexOutOfBoundsException" message="Index 1 out of bounds for length 0">
      <![CDATA[java.lang.ArrayIndexOutOfBoundsException: Index 1 out of bounds for length 0
at java.base/java.util.ArrayList.add(ArrayList.java:455)
at java.base/java.util.ArrayList.add(ArrayList.java:467)
at com.aventstack.extentreports.AbstractProcessor.onSystemInfoAdded(AbstractProcessor.java:93)
at com.aventstack.extentreports.ExtentReports.setSystemInfo(ExtentReports.java:299)
at execution.Admin.beforeclass(Admin.java:52)
at java.base/java.util.ArrayList.forEach(ArrayList.java:1511)
at java.base/java.util.concurrent.FutureTask.run(FutureTask.java:264)
at java.base/java.util.concurrent.ThreadPoolExecutor.runWorker(ThreadPoolExecutor.java:1136)
at java.base/java.util.concurrent.ThreadPoolExecutor$Worker.run(ThreadPoolExecutor.java:635)
at java.base/java.lang.Thread.run(Thread.java:833)
... Removed 13 stack frames]]>
    </failure>
  </testcase> <!-- @BeforeClass beforeclass -->
  <testcase classname="execution.Admin" name="@BeforeMethod beforemethod" time="0.0">
    <skipped/>
  </testcase> <!-- @BeforeMethod beforemethod -->
  <testcase classname="execution.Admin" name="@AfterMethod aftermethod" time="0.0">
    <skipped/>
  </testcase> <!-- @AfterMethod aftermethod -->
  <testcase classname="execution.Admin" name="@AfterClass afterclass" time="0.0">
    <skipped/>
  </testcase> <!-- @AfterClass afterclass -->
  <testcase classname="execution.Admin" name="Logintest" time="0.0">
    <skipped/>
  </testcase> <!-- Logintest -->
  <testcase classname="execution.Admin" name="Logininvalidtest" time="0.0">
    <ignored/>
  </testcase> <!-- Logininvalidtest -->
  <testcase classname="execution.Admin" name="Manage_Profession_test" time="0.0">
    <ignored/>
  </testcase> <!-- Manage_Profession_test -->
  <testcase classname="execution.Admin" name="Add_Client_test" time="0.0">
    <ignored/>
  </testcase> <!-- Add_Client_test -->
</testsuite> <!-- Chrome Browser -->
